<?xml version="1.0" encoding="UTF-8"?>
<!-- Generated by org.testng.reporters.JUnitXMLReporter -->
<testsuite hostname="DESKTOP-MV6L4GQ" ignored="3" name="Default test" tests="1" failures="0" timestamp="2022-11-29T05:30:35 IST" time="0.094" errors="0">
  <testcase name="returnsNumberForNumberNotDivisibleByThreeAndFive" time="0.021" classname="com.automation.core.FizzBuzzTest1"/>
  <testcase name="returnBuzzForNumberDivisibleByFive" time="0.0" classname="com.automation.core.FizzBuzzTest1">
    <ignored/>
  </testcase> <!-- returnBuzzForNumberDivisibleByFive -->
  <testcase name="returnFizzForNumberDivisibleByThree" time="0.0" classname="com.automation.core.FizzBuzzTest1">
    <ignored/>
  </testcase> <!-- returnFizzForNumberDivisibleByThree -->
  <testcase name="returnsFizzBuzzForNumberDivisibleByThreeAndFive" time="0.0" classname="com.automation.core.FizzBuzzTest1">
    <ignored/>
  </testcase> <!-- returnsFizzBuzzForNumberDivisibleByThreeAndFive -->
</testsuite> <!-- Default test -->
