<?xml version="1.0" encoding="UTF-8"?>
<testng-results skipped="0" failed="0" ignored="3" total="4" passed="1">
  <reporter-output>
  </reporter-output>
  <suite name="Default suite" duration-ms="94" started-at="2022-11-29T05:30:35 IST" finished-at="2022-11-29T05:30:35 IST">
    <groups>
    </groups>
    <test name="Default test" duration-ms="94" started-at="2022-11-29T05:30:35 IST" finished-at="2022-11-29T05:30:35 IST">
      <class name="com.automation.core.FizzBuzzTest1">
        <test-method status="PASS" signature="returnsNumberForNumberNotDivisibleByThreeAndFive()[pri:0, instance:com.automation.core.FizzBuzzTest1@614ddd49]" name="returnsNumberForNumberNotDivisibleByThreeAndFive" duration-ms="21" started-at="2022-11-29T05:30:35 IST" finished-at="2022-11-29T05:30:35 IST">
          <reporter-output>
          </reporter-output>
        </test-method> <!-- returnsNumberForNumberNotDivisibleByThreeAndFive -->
      </class> <!-- com.automation.core.FizzBuzzTest1 -->
    </test> <!-- Default test -->
  </suite> <!-- Default suite -->
</testng-results>
